<?xml version="1.0" encoding="UTF-8"?>
<coverage generated="1601020420271" clover="3.2.0">
  <project timestamp="1601020420271" name="All files">
    <metrics statements="31" coveredstatements="30" conditionals="24" coveredconditionals="22" methods="3" coveredmethods="3" elements="58" coveredelements="55" complexity="0" loc="31" ncloc="31" packages="1" files="1" classes="1"/>
    <file name="helper.ts" path="/Users/alexanderscherbakov/Documents/projects/xtra-server/src/db/v1/classes/availability/helper.ts">
      <metrics statements="31" coveredstatements="30" conditionals="24" coveredconditionals="22" methods="3" coveredmethods="3"/>
      <line num="1" count="1" type="stmt"/>
      <line num="8" count="1" type="stmt"/>
      <line num="11" count="11" type="cond" truecount="2" falsecount="0"/>
      <line num="13" count="7" type="stmt"/>
      <line num="14" count="7" type="stmt"/>
      <line num="15" count="7" type="stmt"/>
      <line num="17" count="7" type="cond" truecount="2" falsecount="0"/>
      <line num="18" count="1" type="stmt"/>
      <line num="23" count="6" type="cond" truecount="2" falsecount="0"/>
      <line num="24" count="1" type="stmt"/>
      <line num="29" count="5" type="cond" truecount="2" falsecount="0"/>
      <line num="30" count="1" type="stmt"/>
      <line num="35" count="4" type="cond" truecount="2" falsecount="0"/>
      <line num="36" count="1" type="stmt"/>
      <line num="41" count="3" type="stmt"/>
      <line num="42" count="3" type="stmt"/>
      <line num="44" count="3" type="stmt"/>
      <line num="46" count="3" type="cond" truecount="2" falsecount="0"/>
      <line num="47" count="1" type="stmt"/>
      <line num="51" count="1" type="stmt"/>
      <line num="54" count="2" type="cond" truecount="3" falsecount="1"/>
      <line num="55" count="2" type="stmt"/>
      <line num="61" count="2" type="stmt"/>
      <line num="63" count="10" type="stmt"/>
      <line num="65" count="10" type="stmt"/>
      <line num="66" count="10" type="cond" truecount="2" falsecount="0"/>
      <line num="70" count="1" type="stmt"/>
      <line num="72" count="9" type="stmt"/>
      <line num="81" count="2" type="cond" truecount="1" falsecount="1"/>
      <line num="82" count="0" type="stmt"/>
      <line num="88" count="2" type="stmt"/>
    </file>
  </project>
</coverage>
