{"/Users/alexanderscherbakov/Documents/projects/xtra-server/src/db/v1/classes/availability/helper.ts": {"path":"/Users/alexanderscherbakov/Documents/projects/xtra-server/src/db/v1/classes/availability/helper.ts","statementMap":{"0":{"start":{"line":1,"column":0},"end":{"line":1,"column":28}},"1":{"start":{"line":11,"column":2},"end":{"line":11,"column":null}},"2":{"start":{"line":13,"column":19},"end":{"line":13,"column":31}},"3":{"start":{"line":14,"column":17},"end":{"line":14,"column":27}},"4":{"start":{"line":15,"column":29},"end":{"line":15,"column":52}},"5":{"start":{"line":17,"column":2},"end":{"line":21,"column":null}},"6":{"start":{"line":18,"column":4},"end":{"line":20,"column":6}},"7":{"start":{"line":23,"column":2},"end":{"line":27,"column":null}},"8":{"start":{"line":24,"column":4},"end":{"line":26,"column":6}},"9":{"start":{"line":29,"column":2},"end":{"line":33,"column":null}},"10":{"start":{"line":30,"column":4},"end":{"line":32,"column":6}},"11":{"start":{"line":35,"column":2},"end":{"line":39,"column":null}},"12":{"start":{"line":36,"column":4},"end":{"line":38,"column":6}},"13":{"start":{"line":41,"column":16},"end":{"line":41,"column":44}},"14":{"start":{"line":42,"column":19},"end":{"line":42,"column":78}},"15":{"start":{"line":44,"column":45},"end":{"line":44,"column":47}},"16":{"start":{"line":46,"column":2},"end":{"line":59,"column":null}},"17":{"start":{"line":47,"column":4},"end":{"line":50,"column":7}},"18":{"start":{"line":51,"column":4},"end":{"line":53,"column":6}},"19":{"start":{"line":54,"column":9},"end":{"line":59,"column":null}},"20":{"start":{"line":55,"column":4},"end":{"line":58,"column":7}},"21":{"start":{"line":61,"column":24},"end":{"line":79,"column":6}},"22":{"start":{"line":63,"column":23},"end":{"line":63,"column":33}},"23":{"start":{"line":65,"column":26},"end":{"line":65,"column":67}},"24":{"start":{"line":66,"column":6},"end":{"line":71,"column":null}},"25":{"start":{"line":70,"column":8},"end":{"line":70,"column":25}},"26":{"start":{"line":72,"column":6},"end":{"line":78,"column":8}},"27":{"start":{"line":81,"column":2},"end":{"line":86,"column":null}},"28":{"start":{"line":82,"column":4},"end":{"line":85,"column":6}},"29":{"start":{"line":88,"column":2},"end":{"line":92,"column":4}},"30":{"start":{"line":8,"column":0},"end":{"line":8,"column":16}}},"fnMap":{"0":{"name":"CreateDateRangeAndCheck","decl":{"start":{"line":8,"column":16},"end":{"line":8,"column":39}},"loc":{"start":{"line":11,"column":28},"end":{"line":93,"column":1}}},"1":{"name":"(anonymous_2)","decl":{"start":{"line":63,"column":9},"end":{"line":63,"column":10}},"loc":{"start":{"line":63,"column":18},"end":{"line":63,"column":28}}},"2":{"name":"(anonymous_3)","decl":{"start":{"line":64,"column":9},"end":{"line":64,"column":10}},"loc":{"start":{"line":64,"column":29},"end":{"line":79,"column":5}}}},"branchMap":{"0":{"loc":{"start":{"line":11,"column":2},"end":{"line":11,"column":null}},"type":"if","locations":[{"start":{"line":11,"column":2},"end":{"line":11,"column":null}},{"start":{"line":11,"column":2},"end":{"line":11,"column":null}}]},"1":{"loc":{"start":{"line":17,"column":2},"end":{"line":21,"column":null}},"type":"if","locations":[{"start":{"line":17,"column":2},"end":{"line":21,"column":null}},{"start":{"line":17,"column":2},"end":{"line":21,"column":null}}]},"2":{"loc":{"start":{"line":23,"column":2},"end":{"line":27,"column":null}},"type":"if","locations":[{"start":{"line":23,"column":2},"end":{"line":27,"column":null}},{"start":{"line":23,"column":2},"end":{"line":27,"column":null}}]},"3":{"loc":{"start":{"line":29,"column":2},"end":{"line":33,"column":null}},"type":"if","locations":[{"start":{"line":29,"column":2},"end":{"line":33,"column":null}},{"start":{"line":29,"column":2},"end":{"line":33,"column":null}}]},"4":{"loc":{"start":{"line":35,"column":2},"end":{"line":39,"column":null}},"type":"if","locations":[{"start":{"line":35,"column":2},"end":{"line":39,"column":null}},{"start":{"line":35,"column":2},"end":{"line":39,"column":null}}]},"5":{"loc":{"start":{"line":46,"column":2},"end":{"line":59,"column":null}},"type":"if","locations":[{"start":{"line":46,"column":2},"end":{"line":59,"column":null}},{"start":{"line":46,"column":2},"end":{"line":59,"column":null}}]},"6":{"loc":{"start":{"line":54,"column":9},"end":{"line":59,"column":null}},"type":"if","locations":[{"start":{"line":54,"column":9},"end":{"line":59,"column":null}},{"start":{"line":54,"column":9},"end":{"line":59,"column":null}}]},"7":{"loc":{"start":{"line":54,"column":13},"end":{"line":54,"column":22}},"type":"binary-expr","locations":[{"start":{"line":54,"column":13},"end":{"line":54,"column":22}},{"start":{"line":54,"column":26},"end":{"line":54,"column":70}}]},"8":{"loc":{"start":{"line":66,"column":6},"end":{"line":71,"column":null}},"type":"if","locations":[{"start":{"line":66,"column":6},"end":{"line":71,"column":null}},{"start":{"line":66,"column":6},"end":{"line":71,"column":null}}]},"9":{"loc":{"start":{"line":67,"column":8},"end":{"line":67,"column":37}},"type":"binary-expr","locations":[{"start":{"line":67,"column":8},"end":{"line":67,"column":37}},{"start":{"line":68,"column":8},"end":{"line":68,"column":54}}]},"10":{"loc":{"start":{"line":76,"column":14},"end":{"line":76,"column":34}},"type":"cond-expr","locations":[{"start":{"line":76,"column":14},"end":{"line":76,"column":34}},{"start":{"line":77,"column":14},"end":{"line":77,"column":72}}]},"11":{"loc":{"start":{"line":81,"column":2},"end":{"line":86,"column":null}},"type":"if","locations":[{"start":{"line":81,"column":2},"end":{"line":86,"column":null}},{"start":{"line":81,"column":2},"end":{"line":86,"column":null}}]}},"s":{"0":1,"1":11,"2":7,"3":7,"4":7,"5":7,"6":1,"7":6,"8":1,"9":5,"10":1,"11":4,"12":1,"13":3,"14":3,"15":3,"16":3,"17":1,"18":1,"19":2,"20":2,"21":2,"22":10,"23":10,"24":10,"25":1,"26":9,"27":2,"28":0,"29":2,"30":1},"f":{"0":7,"1":10,"2":10},"b":{"0":[4,3],"1":[1,6],"2":[1,5],"3":[1,4],"4":[1,3],"5":[1,2],"6":[2,0],"7":[2,2],"8":[1,9],"9":[10,5],"10":[1,8],"11":[0,2]}}
}
