TN:
SF:src/db/v1/classes/availability/helper.ts
FN:8,CreateDateRangeAndCheck
FN:63,(anonymous_2)
FN:64,(anonymous_3)
FNF:3
FNH:3
FNDA:7,CreateDateRangeAndCheck
FNDA:10,(anonymous_2)
FNDA:10,(anonymous_3)
DA:1,1
DA:8,1
DA:11,11
DA:13,7
DA:14,7
DA:15,7
DA:17,7
DA:18,1
DA:23,6
DA:24,1
DA:29,5
DA:30,1
DA:35,4
DA:36,1
DA:41,3
DA:42,3
DA:44,3
DA:46,3
DA:47,1
DA:51,1
DA:54,2
DA:55,2
DA:61,2
DA:63,10
DA:65,10
DA:66,10
DA:70,1
DA:72,9
DA:81,2
DA:82,0
DA:88,2
LF:31
LH:30
BRDA:11,0,0,4
BRDA:11,0,1,3
BRDA:17,1,0,1
BRDA:17,1,1,6
BRDA:23,2,0,1
BRDA:23,2,1,5
BRDA:29,3,0,1
BRDA:29,3,1,4
BRDA:35,4,0,1
BRDA:35,4,1,3
BRDA:46,5,0,1
BRDA:46,5,1,2
BRDA:54,6,0,2
BRDA:54,6,1,0
BRDA:54,7,0,2
BRDA:54,7,1,2
BRDA:66,8,0,1
BRDA:66,8,1,9
BRDA:67,9,0,10
BRDA:67,9,1,5
BRDA:76,10,0,2
BRDA:76,10,1,7
BRDA:81,11,0,0
BRDA:81,11,1,2
BRF:24
BRH:22
end_of_record
